C51 COMPILER V9.55   MAIN                                                                  06/03/2016 09:43:34 PAGE 1   


C51 COMPILER V9.55, COMPILATION OF MODULE MAIN
OBJECT MODULE PLACED IN .\Objects\main.obj
COMPILER INVOKED BY: C:\Keil_v5\C51\BIN\C51.EXE main.c OPTIMIZE(8,SPEED) BROWSE DEBUG OBJECTEXTEND PRINT(.\Listings\main
                    -.lst) TABS(2) OBJECT(.\Objects\main.obj)

line level    source

   1          #include<reg52.h>              //including sfr registers for ports of the controller
   2          #include<lcd.h>
   3          
   4          //LCD Module Connections
   5          sbit RS = P2^0;                                                                   
   6          sbit EN = P2^1;                            
   7          sbit D4 =  P2^2; //P2^4;
   8          sbit D5 =  P2^3; // P2^5;
   9          sbit D6 =  P2^4; //P2^6;
  10          sbit D7 =  P2^5; //  P2^7;
  11          //End LCD Module Connections
  12          void Lcd4_init();  
  13          void Delay(int a)
  14          {
  15   1          int j;
  16   1          int i;
  17   1          for(i=0;i<a;i++)
  18   1          {
  19   2              for(j=0;j<100;j++)
  20   2              {
  21   3              }
  22   2          }
  23   1      }
  24          void main()
  25          {
  26   1        int i;
  27   1        Lcd4_init();                                  
  28   1        while(1)
  29   1        {                                   
  30   2          Lcd4_Set_Cursor(1,1);
  31   2          Lcd4_Write_String("Oi Lindoso");
  32   2          for(i=0;i<15;i++)
  33   2          {
  34   3            Delay(1000);
  35   3            Lcd4_Shift_Left();
  36   3          }
  37   2          
  38   2          for(i=0;i<15;i++)
  39   2          {
  40   3            Delay(1000);
  41   3            Lcd4_Shift_Right();
  42   3          }
  43   2          Lcd4_Clear();
  44   2          Lcd4_Set_Cursor(2,1);
  45   2          Lcd4_Write_Char('e');
  46   2          Lcd4_Write_Char('S');
  47   2          Delay(2000);
  48   2        }
  49   1      }
*** WARNING C290 IN LINE 69 OF main.c: missing return value


MODULE INFORMATION:   STATIC OVERLAYABLE
   CODE SIZE        =    462    ----
C51 COMPILER V9.55   MAIN                                                                  06/03/2016 09:43:34 PAGE 2   

   CONSTANT SIZE    =     11    ----
   XDATA SIZE       =   ----    ----
   PDATA SIZE       =   ----    ----
   DATA SIZE        =   ----       9
   IDATA SIZE       =   ----    ----
   BIT SIZE         =   ----    ----
END OF MODULE INFORMATION.


C51 COMPILATION COMPLETE.  1 WARNING(S),  0 ERROR(S)
